<?xml version="1.0" encoding="UTF-8"?>
<!-- Generated by org.testng.reporters.JUnitXMLReporter -->
<testsuite ignored="0" hostname="DESKTOP-3RHQS1L" failures="0" tests="5" name="Surefire test" time="25.899" errors="0" timestamp="2024-08-25T08:42:11 IST">
  <testcase classname="Demo.LaunchBrowserTest" name="demoTest" time="10.938"/>
  <testcase classname="Employee.addEmployeeTest" name="addEmployee" time="3.159"/>
  <testcase classname="Employee.addEmployeeTest" name="databaseValidation" time="0.0"/>
  <testcase classname="Employee.addEmployeeTest" name="fronEndValidation" time="11.281"/>
  <testcase classname="Employee.addEmployeeTest" name="addEmployeWithDuplicateName" time="0.459"/>
</testsuite> <!-- Surefire test -->
