<?xml version="1.0" encoding="UTF-8"?>
<testng-results ignored="0" total="1" passed="1" failed="0" skipped="0">
  <reporter-output>
  </reporter-output>
  <suite started-at="2024-08-26T10:25:15 IST" name="Suite" finished-at="2024-08-26T10:25:27 IST" duration-ms="11988">
    <groups>
    </groups>
    <test started-at="2024-08-26T10:25:15 IST" name="Test" finished-at="2024-08-26T10:25:27 IST" duration-ms="11988">
      <class name="Demo.LaunchBrowserTest">
        <test-method signature="demoTest()[pri:0, instance:Demo.LaunchBrowserTest@6e0dec4a]" started-at="2024-08-26T10:25:15 IST" name="demoTest" finished-at="2024-08-26T10:25:27 IST" duration-ms="11931" status="PASS">
          <reporter-output>
          </reporter-output>
        </test-method> <!-- demoTest -->
      </class> <!-- Demo.LaunchBrowserTest -->
    </test> <!-- Test -->
  </suite> <!-- Suite -->
</testng-results>
