<?xml version="1.0" encoding="UTF-8"?>
<testng-results ignored="0" total="5" passed="5" failed="0" skipped="0">
  <reporter-output>
  </reporter-output>
  <suite started-at="2024-08-25T08:41:45 IST" name="Surefire suite" finished-at="2024-08-25T08:42:11 IST" duration-ms="25899">
    <groups>
    </groups>
    <test started-at="2024-08-25T08:41:45 IST" name="Surefire test" finished-at="2024-08-25T08:42:11 IST" duration-ms="25899">
      <class name="Employee.addEmployeeTest">
        <test-method is-config="true" signature="configBS()[pri:0, instance:Employee.addEmployeeTest@6356695f]" started-at="2024-08-25T08:41:44 IST" name="configBS" finished-at="2024-08-25T08:41:45 IST" duration-ms="915" status="PASS">
          <reporter-output>
          </reporter-output>
        </test-method> <!-- configBS -->
        <test-method is-config="true" signature="configBC()[pri:0, instance:Employee.addEmployeeTest@6356695f]" started-at="2024-08-25T08:41:56 IST" name="configBC" finished-at="2024-08-25T08:41:56 IST" duration-ms="0" status="PASS">
          <reporter-output>
          </reporter-output>
        </test-method> <!-- configBC -->
        <test-method is-config="true" signature="configBM()[pri:0, instance:Employee.addEmployeeTest@6356695f]" started-at="2024-08-25T08:41:56 IST" name="configBM" finished-at="2024-08-25T08:41:56 IST" duration-ms="2" status="PASS">
          <reporter-output>
          </reporter-output>
        </test-method> <!-- configBM -->
        <test-method signature="addEmployee()[pri:0, instance:Employee.addEmployeeTest@6356695f]" started-at="2024-08-25T08:41:56 IST" name="addEmployee" finished-at="2024-08-25T08:41:59 IST" duration-ms="3159" status="PASS">
          <reporter-output>
          </reporter-output>
        </test-method> <!-- addEmployee -->
        <test-method is-config="true" signature="configAM()[pri:0, instance:Employee.addEmployeeTest@6356695f]" started-at="2024-08-25T08:41:59 IST" name="configAM" finished-at="2024-08-25T08:41:59 IST" duration-ms="2" status="PASS">
          <reporter-output>
          </reporter-output>
        </test-method> <!-- configAM -->
        <test-method is-config="true" signature="configBM()[pri:0, instance:Employee.addEmployeeTest@6356695f]" started-at="2024-08-25T08:41:59 IST" name="configBM" finished-at="2024-08-25T08:41:59 IST" duration-ms="0" status="PASS">
          <reporter-output>
          </reporter-output>
        </test-method> <!-- configBM -->
        <test-method signature="databaseValidation()[pri:0, instance:Employee.addEmployeeTest@6356695f]" started-at="2024-08-25T08:41:59 IST" name="databaseValidation" finished-at="2024-08-25T08:41:59 IST" duration-ms="0" status="PASS">
          <reporter-output>
          </reporter-output>
        </test-method> <!-- databaseValidation -->
        <test-method is-config="true" signature="configAM()[pri:0, instance:Employee.addEmployeeTest@6356695f]" started-at="2024-08-25T08:41:59 IST" name="configAM" finished-at="2024-08-25T08:41:59 IST" duration-ms="0" status="PASS">
          <reporter-output>
          </reporter-output>
        </test-method> <!-- configAM -->
        <test-method signature="fronEndValidation()[pri:1, instance:Employee.addEmployeeTest@6356695f]" started-at="2024-08-25T08:41:59 IST" name="fronEndValidation" finished-at="2024-08-25T08:42:10 IST" duration-ms="11281" status="PASS">
          <reporter-output>
          </reporter-output>
        </test-method> <!-- fronEndValidation -->
        <test-method is-config="true" signature="configBM()[pri:0, instance:Employee.addEmployeeTest@6356695f]" started-at="2024-08-25T08:41:59 IST" name="configBM" finished-at="2024-08-25T08:41:59 IST" duration-ms="0" status="PASS">
          <reporter-output>
          </reporter-output>
        </test-method> <!-- configBM -->
        <test-method is-config="true" signature="configAM()[pri:0, instance:Employee.addEmployeeTest@6356695f]" started-at="2024-08-25T08:42:10 IST" name="configAM" finished-at="2024-08-25T08:42:10 IST" duration-ms="1" status="PASS">
          <reporter-output>
          </reporter-output>
        </test-method> <!-- configAM -->
        <test-method signature="addEmployeWithDuplicateName()[pri:2, instance:Employee.addEmployeeTest@6356695f]" started-at="2024-08-25T08:42:10 IST" name="addEmployeWithDuplicateName" finished-at="2024-08-25T08:42:11 IST" duration-ms="459" status="PASS">
          <reporter-output>
          </reporter-output>
        </test-method> <!-- addEmployeWithDuplicateName -->
        <test-method is-config="true" signature="configBM()[pri:0, instance:Employee.addEmployeeTest@6356695f]" started-at="2024-08-25T08:42:10 IST" name="configBM" finished-at="2024-08-25T08:42:10 IST" duration-ms="0" status="PASS">
          <reporter-output>
          </reporter-output>
        </test-method> <!-- configBM -->
        <test-method is-config="true" signature="configAM()[pri:0, instance:Employee.addEmployeeTest@6356695f]" started-at="2024-08-25T08:42:11 IST" name="configAM" finished-at="2024-08-25T08:42:11 IST" duration-ms="1" status="PASS">
          <reporter-output>
          </reporter-output>
        </test-method> <!-- configAM -->
        <test-method is-config="true" signature="configAC()[pri:0, instance:Employee.addEmployeeTest@6356695f]" started-at="2024-08-25T08:42:11 IST" name="configAC" finished-at="2024-08-25T08:42:11 IST" duration-ms="1" status="PASS">
          <reporter-output>
          </reporter-output>
        </test-method> <!-- configAC -->
        <test-method is-config="true" signature="configAS()[pri:0, instance:Employee.addEmployeeTest@6356695f]" started-at="2024-08-25T08:42:11 IST" name="configAS" finished-at="2024-08-25T08:42:11 IST" duration-ms="1" status="PASS">
          <reporter-output>
          </reporter-output>
        </test-method> <!-- configAS -->
      </class> <!-- Employee.addEmployeeTest -->
      <class name="Demo.LaunchBrowserTest">
        <test-method signature="demoTest()[pri:0, instance:Demo.LaunchBrowserTest@619713e5]" started-at="2024-08-25T08:41:45 IST" name="demoTest" finished-at="2024-08-25T08:41:56 IST" duration-ms="10938" status="PASS">
          <reporter-output>
          </reporter-output>
        </test-method> <!-- demoTest -->
      </class> <!-- Demo.LaunchBrowserTest -->
    </test> <!-- Surefire test -->
  </suite> <!-- Surefire suite -->
</testng-results>
